2021-12-19 16:27:32,625 INFO [main][SpringApplication.java:675] - No active profile set, falling back to default profiles: default
2021-12-19 16:27:33,529 WARN [main][EndpointId.java:135] - Endpoint ID 'service-registry' contains invalid characters, please migrate to a valid format.
2021-12-19 16:27:33,870 INFO [main][GenericScope.java:294] - BeanFactory id=33c68227-122c-36dd-8028-a36de4f592a4
2021-12-19 16:27:33,985 INFO [main][PostProcessorRegistrationDelegate.java:330] - Bean 'org.springframework.cloud.autoconfigure.ConfigurationPropertiesRebinderAutoConfiguration' of type [org.springframework.cloud.autoconfigure.ConfigurationPropertiesRebinderAutoConfiguration$$EnhancerBySpringCGLIB$$3fcc719a] is not eligible for getting processed by all BeanPostProcessors (for example: not eligible for auto-proxying)
2021-12-19 16:27:34,431 INFO [main][TomcatWebServer.java:90] - Tomcat initialized with port(s): 56080 (http)
2021-12-19 16:27:34,449 INFO [main][DirectJDKLog.java:173] - Initializing ProtocolHandler ["http-nio-56080"]
2021-12-19 16:27:34,462 INFO [main][DirectJDKLog.java:173] - Starting service [Tomcat]
2021-12-19 16:27:34,462 INFO [main][DirectJDKLog.java:173] - Starting Servlet engine: [Apache Tomcat/9.0.16]
2021-12-19 16:27:34,471 INFO [main][DirectJDKLog.java:173] - The APR based Apache Tomcat Native library which allows optimal performance in production environments was not found on the java.library.path: [C:\Program Files\Java\jdk1.8.0_301\bin;C:\Windows\Sun\Java\bin;C:\Windows\system32;C:\Windows;C:\Program Files (x86)\VMware\VMware Workstation\bin\;C:\Program Files (x86)\Common Files\Oracle\Java\javapath;C:\Windows\system32;C:\Windows;C:\Windows\System32\Wbem;C:\Windows\System32\WindowsPowerShell\v1.0\;C:\Windows\System32\OpenSSH\;C:\Users\35017\AppData\Local\Microsoft\WindowsApps;C:\maven\apache-maven-3.6.1\bin;C:\Program Files\Java\jdk1.8.0_301\\bin;C:\Program Files\Java\jdk1.8.0_301\\jre\bin;C:\Program Files\MySQL\MySQL Server 8.0\bin;;.]
2021-12-19 16:27:34,614 INFO [main][DirectJDKLog.java:173] - Initializing Spring embedded WebApplicationContext
2021-12-19 16:27:34,615 INFO [main][ServletWebServerApplicationContext.java:296] - Root WebApplicationContext: initialization completed in 1958 ms
2021-12-19 16:27:34,755 WARN [main][URLConfigurationSource.java:121] - No URLs will be polled as dynamic configuration sources.
2021-12-19 16:27:34,756 INFO [main][URLConfigurationSource.java:122] - To enable URLs as dynamic configuration sources, define System property archaius.configurationSource.additionalUrls or make config.properties available on classpath.
2021-12-19 16:27:34,777 INFO [main][DynamicPropertyFactory.java:281] - DynamicPropertyFactory is initialized with configuration sources: com.netflix.config.ConcurrentCompositeConfiguration@a2b54e3
2021-12-19 16:27:36,707 INFO [main][InetUtils.java:170] - Cannot determine local hostname
2021-12-19 16:27:37,039 INFO [main][WebApplicationImpl.java:815] - Initiating Jersey application, version 'Jersey: 1.19.1 03/11/2016 02:08 PM'
2021-12-19 16:27:37,145 INFO [main][DiscoveryJerseyProvider.java:70] - Using JSON encoding codec LegacyJacksonJson
2021-12-19 16:27:37,146 INFO [main][DiscoveryJerseyProvider.java:71] - Using JSON decoding codec LegacyJacksonJson
2021-12-19 16:27:37,325 INFO [main][DiscoveryJerseyProvider.java:80] - Using XML encoding codec XStreamXml
2021-12-19 16:27:37,325 INFO [main][DiscoveryJerseyProvider.java:81] - Using XML decoding codec XStreamXml
2021-12-19 16:27:37,863 WARN [main][URLConfigurationSource.java:121] - No URLs will be polled as dynamic configuration sources.
2021-12-19 16:27:37,863 INFO [main][URLConfigurationSource.java:122] - To enable URLs as dynamic configuration sources, define System property archaius.configurationSource.additionalUrls or make config.properties available on classpath.
2021-12-19 16:27:38,101 INFO [main][ExecutorConfigurationSupport.java:171] - Initializing ExecutorService 'applicationTaskExecutor'
2021-12-19 16:27:40,145 INFO [main][InetUtils.java:170] - Cannot determine local hostname
2021-12-19 16:27:40,464 INFO [main][InstanceInfoFactory.java:71] - Setting initial instance status as: STARTING
2021-12-19 16:27:40,576 INFO [main][DiscoveryClient.java:349] - Initializing Eureka in region us-east-1
2021-12-19 16:27:40,576 INFO [main][DiscoveryClient.java:352] - Client configured to neither register nor query for data.
2021-12-19 16:27:40,611 INFO [main][DiscoveryClient.java:365] - Discovery Client initialized at timestamp 1639902460608 with initial instances count: 0
2021-12-19 16:27:40,758 INFO [main][DefaultEurekaServerContext.java:63] - Initializing ...
2021-12-19 16:27:40,779 INFO [main][PeerEurekaNodes.java:188] - Adding new peer nodes [http://localhost:56080/eureka/]
2021-12-19 16:27:41,478 INFO [main][DiscoveryJerseyProvider.java:70] - Using JSON encoding codec LegacyJacksonJson
2021-12-19 16:27:41,479 INFO [main][DiscoveryJerseyProvider.java:71] - Using JSON decoding codec LegacyJacksonJson
2021-12-19 16:27:41,479 INFO [main][DiscoveryJerseyProvider.java:80] - Using XML encoding codec XStreamXml
2021-12-19 16:27:41,479 INFO [main][DiscoveryJerseyProvider.java:81] - Using XML decoding codec XStreamXml
2021-12-19 16:27:41,653 INFO [main][PeerEurekaNodes.java:110] - Replica node URL:  http://localhost:56080/eureka/
2021-12-19 16:27:41,666 INFO [main][AbstractInstanceRegistry.java:151] - Finished initializing remote region registries. All known remote regions: []
2021-12-19 16:27:41,668 INFO [main][DefaultEurekaServerContext.java:70] - Initialized
2021-12-19 16:27:41,685 INFO [main][EndpointLinksResolver.java:59] - Exposing 2 endpoint(s) beneath base path '/actuator'
2021-12-19 16:27:41,834 INFO [main][EurekaServiceRegistry.java:42] - Registering application SEATA-DEMO-DISCOVERY with eureka with status UP
2021-12-19 16:27:41,839 INFO [Thread-42][EurekaServerBootstrap.java:109] - Setting the eureka configuration..
2021-12-19 16:27:41,840 INFO [Thread-42][EurekaServerBootstrap.java:114] - Eureka data center value eureka.datacenter is not set, defaulting to default
2021-12-19 16:27:41,841 INFO [Thread-42][EurekaServerBootstrap.java:128] - Eureka environment value eureka.environment is not set, defaulting to test
2021-12-19 16:27:41,860 INFO [Thread-42][EurekaServerBootstrap.java:184] - isAws returned false
2021-12-19 16:27:41,862 INFO [Thread-42][EurekaServerBootstrap.java:152] - Initialized server context
2021-12-19 16:27:41,863 INFO [Thread-42][PeerAwareInstanceRegistryImpl.java:241] - Got 1 instances from neighboring DS node
2021-12-19 16:27:41,863 INFO [Thread-42][PeerAwareInstanceRegistryImpl.java:242] - Renew threshold is: 1
2021-12-19 16:27:41,863 INFO [Thread-42][PeerAwareInstanceRegistryImpl.java:253] - Changing status to UP
2021-12-19 16:27:41,865 INFO [main][DirectJDKLog.java:173] - Starting ProtocolHandler ["http-nio-56080"]
2021-12-19 16:27:41,875 INFO [Thread-42][EurekaServerInitializerConfiguration.java:72] - Started Eureka Server
2021-12-19 16:27:41,902 INFO [main][TomcatWebServer.java:204] - Tomcat started on port(s): 56080 (http) with context path ''
2021-12-19 16:27:41,903 INFO [main][EurekaAutoServiceRegistration.java:141] - Updating port to 56080
2021-12-19 16:27:41,906 INFO [main][StartupInfoLogger.java:59] - Started DiscoveryServer in 14.575 seconds (JVM running for 17.069)
2021-12-19 16:27:42,750 INFO [RMI TCP Connection(2)-192.168.23.1][DirectJDKLog.java:173] - Initializing Spring DispatcherServlet 'dispatcherServlet'
2021-12-19 16:27:42,750 INFO [RMI TCP Connection(2)-192.168.23.1][FrameworkServlet.java:524] - Initializing Servlet 'dispatcherServlet'
2021-12-19 16:27:42,763 INFO [RMI TCP Connection(2)-192.168.23.1][FrameworkServlet.java:546] - Completed initialization in 12 ms
2021-12-19 16:27:50,936 WARN [http-nio-56080-exec-2][AbstractInstanceRegistry.java:353] - DS: Registry: lease doesn't exist, registering resource: DTX-NOTIFYMSG-DEMO-PAY - localhost:dtx-notifymsg-demo-pay:56082
2021-12-19 16:27:50,937 WARN [http-nio-56080-exec-2][InstanceResource.java:116] - Not Found (Renew): DTX-NOTIFYMSG-DEMO-PAY - localhost:dtx-notifymsg-demo-pay:56082
2021-12-19 16:27:51,180 INFO [http-nio-56080-exec-3][AbstractInstanceRegistry.java:266] - Registered instance DTX-NOTIFYMSG-DEMO-PAY/localhost:dtx-notifymsg-demo-pay:56082 with status UP (replication=false)
2021-12-19 16:27:51,867 INFO [Eureka-EvictionTimer][AbstractInstanceRegistry.java:1250] - Running the evict task with compensationTime 0ms
2021-12-19 16:27:51,903 INFO [http-nio-56080-exec-4][AbstractInstanceRegistry.java:266] - Registered instance DTX-NOTIFYMSG-DEMO-PAY/localhost:dtx-notifymsg-demo-pay:56082 with status UP (replication=true)
2021-12-19 16:27:55,308 WARN [http-nio-56080-exec-5][AbstractInstanceRegistry.java:353] - DS: Registry: lease doesn't exist, registering resource: DTX-NOTIFYMSG-DEMO-BANK1 - localhost:dtx-notifymsg-demo-bank1:56081
2021-12-19 16:27:55,310 WARN [http-nio-56080-exec-5][InstanceResource.java:116] - Not Found (Renew): DTX-NOTIFYMSG-DEMO-BANK1 - localhost:dtx-notifymsg-demo-bank1:56081
2021-12-19 16:27:55,440 INFO [http-nio-56080-exec-8][AbstractInstanceRegistry.java:266] - Registered instance DTX-NOTIFYMSG-DEMO-BANK1/localhost:dtx-notifymsg-demo-bank1:56081 with status UP (replication=false)
2021-12-19 16:27:55,980 INFO [http-nio-56080-exec-7][AbstractInstanceRegistry.java:266] - Registered instance DTX-NOTIFYMSG-DEMO-BANK1/localhost:dtx-notifymsg-demo-bank1:56081 with status UP (replication=true)
2021-12-19 16:28:01,873 INFO [Eureka-EvictionTimer][AbstractInstanceRegistry.java:1250] - Running the evict task with compensationTime 5ms
2021-12-19 16:28:11,880 INFO [Eureka-EvictionTimer][AbstractInstanceRegistry.java:1250] - Running the evict task with compensationTime 6ms
2021-12-19 16:28:21,895 INFO [Eureka-EvictionTimer][AbstractInstanceRegistry.java:1250] - Running the evict task with compensationTime 15ms
2021-12-19 16:28:31,907 INFO [Eureka-EvictionTimer][AbstractInstanceRegistry.java:1250] - Running the evict task with compensationTime 12ms
2021-12-19 16:28:41,915 INFO [Eureka-EvictionTimer][AbstractInstanceRegistry.java:1250] - Running the evict task with compensationTime 7ms
2021-12-19 16:28:51,935 INFO [Eureka-EvictionTimer][AbstractInstanceRegistry.java:1250] - Running the evict task with compensationTime 20ms
2021-12-19 16:29:01,948 INFO [Eureka-EvictionTimer][AbstractInstanceRegistry.java:1250] - Running the evict task with compensationTime 13ms
2021-12-19 16:29:11,950 INFO [Eureka-EvictionTimer][AbstractInstanceRegistry.java:1250] - Running the evict task with compensationTime 1ms
2021-12-19 16:29:21,958 INFO [Eureka-EvictionTimer][AbstractInstanceRegistry.java:1250] - Running the evict task with compensationTime 8ms
2021-12-19 16:29:31,977 INFO [Eureka-EvictionTimer][AbstractInstanceRegistry.java:1250] - Running the evict task with compensationTime 11ms
2021-12-19 16:29:41,983 INFO [Eureka-EvictionTimer][AbstractInstanceRegistry.java:1250] - Running the evict task with compensationTime 12ms
2021-12-19 16:29:51,989 INFO [Eureka-EvictionTimer][AbstractInstanceRegistry.java:1250] - Running the evict task with compensationTime 6ms
2021-12-19 16:30:01,998 INFO [Eureka-EvictionTimer][AbstractInstanceRegistry.java:1250] - Running the evict task with compensationTime 9ms
2021-12-19 16:30:12,006 INFO [Eureka-EvictionTimer][AbstractInstanceRegistry.java:1250] - Running the evict task with compensationTime 6ms
2021-12-19 16:30:22,013 INFO [Eureka-EvictionTimer][AbstractInstanceRegistry.java:1250] - Running the evict task with compensationTime 7ms
2021-12-19 16:30:32,028 INFO [Eureka-EvictionTimer][AbstractInstanceRegistry.java:1250] - Running the evict task with compensationTime 15ms
2021-12-19 16:30:42,031 INFO [Eureka-EvictionTimer][AbstractInstanceRegistry.java:1250] - Running the evict task with compensationTime 2ms
2021-12-19 16:30:52,038 INFO [Eureka-EvictionTimer][AbstractInstanceRegistry.java:1250] - Running the evict task with compensationTime 6ms
2021-12-19 16:31:02,044 INFO [Eureka-EvictionTimer][AbstractInstanceRegistry.java:1250] - Running the evict task with compensationTime 6ms
2021-12-19 16:31:12,059 INFO [Eureka-EvictionTimer][AbstractInstanceRegistry.java:1250] - Running the evict task with compensationTime 14ms
2021-12-19 16:31:22,061 INFO [Eureka-EvictionTimer][AbstractInstanceRegistry.java:1250] - Running the evict task with compensationTime 2ms
2021-12-19 16:31:32,068 INFO [Eureka-EvictionTimer][AbstractInstanceRegistry.java:1250] - Running the evict task with compensationTime 7ms
2021-12-19 16:31:42,079 INFO [Eureka-EvictionTimer][AbstractInstanceRegistry.java:1250] - Running the evict task with compensationTime 10ms
2021-12-19 16:31:52,093 INFO [Eureka-EvictionTimer][AbstractInstanceRegistry.java:1250] - Running the evict task with compensationTime 14ms
2021-12-19 16:32:02,106 INFO [Eureka-EvictionTimer][AbstractInstanceRegistry.java:1250] - Running the evict task with compensationTime 12ms
2021-12-19 16:32:12,114 INFO [Eureka-EvictionTimer][AbstractInstanceRegistry.java:1250] - Running the evict task with compensationTime 8ms
2021-12-19 16:32:22,124 INFO [Eureka-EvictionTimer][AbstractInstanceRegistry.java:1250] - Running the evict task with compensationTime 10ms
2021-12-19 16:32:32,125 INFO [Eureka-EvictionTimer][AbstractInstanceRegistry.java:1250] - Running the evict task with compensationTime 1ms
2021-12-19 16:32:42,129 INFO [Eureka-EvictionTimer][AbstractInstanceRegistry.java:1250] - Running the evict task with compensationTime 3ms
2021-12-19 16:32:52,133 INFO [Eureka-EvictionTimer][AbstractInstanceRegistry.java:1250] - Running the evict task with compensationTime 4ms
2021-12-19 16:33:02,147 INFO [Eureka-EvictionTimer][AbstractInstanceRegistry.java:1250] - Running the evict task with compensationTime 13ms
2021-12-19 16:33:12,155 INFO [Eureka-EvictionTimer][AbstractInstanceRegistry.java:1250] - Running the evict task with compensationTime 7ms
2021-12-19 16:33:22,169 INFO [Eureka-EvictionTimer][AbstractInstanceRegistry.java:1250] - Running the evict task with compensationTime 14ms
2021-12-19 16:33:32,178 INFO [Eureka-EvictionTimer][AbstractInstanceRegistry.java:1250] - Running the evict task with compensationTime 8ms
2021-12-19 16:33:42,177 INFO [Eureka-EvictionTimer][AbstractInstanceRegistry.java:1250] - Running the evict task with compensationTime 0ms
2021-12-19 16:33:52,200 INFO [Eureka-EvictionTimer][AbstractInstanceRegistry.java:1250] - Running the evict task with compensationTime 22ms
2021-12-19 16:34:02,209 INFO [Eureka-EvictionTimer][AbstractInstanceRegistry.java:1250] - Running the evict task with compensationTime 9ms
2021-12-19 16:34:12,227 INFO [Eureka-EvictionTimer][AbstractInstanceRegistry.java:1250] - Running the evict task with compensationTime 18ms
2021-12-19 16:34:22,235 INFO [Eureka-EvictionTimer][AbstractInstanceRegistry.java:1250] - Running the evict task with compensationTime 7ms
2021-12-19 16:34:32,250 INFO [Eureka-EvictionTimer][AbstractInstanceRegistry.java:1250] - Running the evict task with compensationTime 15ms
2021-12-19 16:34:42,257 INFO [Eureka-EvictionTimer][AbstractInstanceRegistry.java:1250] - Running the evict task with compensationTime 6ms
2021-12-19 16:34:52,272 INFO [Eureka-EvictionTimer][AbstractInstanceRegistry.java:1250] - Running the evict task with compensationTime 14ms
2021-12-19 16:35:02,279 INFO [Eureka-EvictionTimer][AbstractInstanceRegistry.java:1250] - Running the evict task with compensationTime 6ms
2021-12-19 16:35:12,282 INFO [Eureka-EvictionTimer][AbstractInstanceRegistry.java:1250] - Running the evict task with compensationTime 3ms
2021-12-19 16:35:22,289 INFO [Eureka-EvictionTimer][AbstractInstanceRegistry.java:1250] - Running the evict task with compensationTime 6ms
2021-12-19 16:35:32,302 INFO [Eureka-EvictionTimer][AbstractInstanceRegistry.java:1250] - Running the evict task with compensationTime 13ms
2021-12-19 16:35:42,316 INFO [Eureka-EvictionTimer][AbstractInstanceRegistry.java:1250] - Running the evict task with compensationTime 14ms
2021-12-19 16:35:52,325 INFO [Eureka-EvictionTimer][AbstractInstanceRegistry.java:1250] - Running the evict task with compensationTime 8ms
2021-12-19 16:36:02,342 INFO [Eureka-EvictionTimer][AbstractInstanceRegistry.java:1250] - Running the evict task with compensationTime 17ms
2021-12-19 16:36:12,357 INFO [Eureka-EvictionTimer][AbstractInstanceRegistry.java:1250] - Running the evict task with compensationTime 15ms
2021-12-19 16:36:22,365 INFO [Eureka-EvictionTimer][AbstractInstanceRegistry.java:1250] - Running the evict task with compensationTime 8ms
2021-12-19 16:36:32,375 INFO [Eureka-EvictionTimer][AbstractInstanceRegistry.java:1250] - Running the evict task with compensationTime 9ms
2021-12-19 16:36:42,389 INFO [Eureka-EvictionTimer][AbstractInstanceRegistry.java:1250] - Running the evict task with compensationTime 13ms
2021-12-19 16:36:52,403 INFO [Eureka-EvictionTimer][AbstractInstanceRegistry.java:1250] - Running the evict task with compensationTime 14ms
2021-12-19 16:37:02,413 INFO [Eureka-EvictionTimer][AbstractInstanceRegistry.java:1250] - Running the evict task with compensationTime 9ms
2021-12-19 16:37:12,420 INFO [Eureka-EvictionTimer][AbstractInstanceRegistry.java:1250] - Running the evict task with compensationTime 7ms
2021-12-19 16:37:22,428 INFO [Eureka-EvictionTimer][AbstractInstanceRegistry.java:1250] - Running the evict task with compensationTime 7ms
2021-12-19 16:37:32,442 INFO [Eureka-EvictionTimer][AbstractInstanceRegistry.java:1250] - Running the evict task with compensationTime 14ms
2021-12-19 16:37:42,454 INFO [Eureka-EvictionTimer][AbstractInstanceRegistry.java:1250] - Running the evict task with compensationTime 11ms
2021-12-19 16:37:52,456 INFO [Eureka-EvictionTimer][AbstractInstanceRegistry.java:1250] - Running the evict task with compensationTime 1ms
2021-12-19 16:38:02,461 INFO [Eureka-EvictionTimer][AbstractInstanceRegistry.java:1250] - Running the evict task with compensationTime 4ms
2021-12-19 16:38:12,471 INFO [Eureka-EvictionTimer][AbstractInstanceRegistry.java:1250] - Running the evict task with compensationTime 11ms
2021-12-19 16:38:22,481 INFO [Eureka-EvictionTimer][AbstractInstanceRegistry.java:1250] - Running the evict task with compensationTime 9ms
2021-12-19 16:38:32,491 INFO [Eureka-EvictionTimer][AbstractInstanceRegistry.java:1250] - Running the evict task with compensationTime 9ms
2021-12-19 16:38:42,507 INFO [Eureka-EvictionTimer][AbstractInstanceRegistry.java:1250] - Running the evict task with compensationTime 15ms
2021-12-19 16:38:52,516 INFO [Eureka-EvictionTimer][AbstractInstanceRegistry.java:1250] - Running the evict task with compensationTime 8ms
2021-12-19 16:39:02,523 INFO [Eureka-EvictionTimer][AbstractInstanceRegistry.java:1250] - Running the evict task with compensationTime 7ms
2021-12-19 16:39:12,530 INFO [Eureka-EvictionTimer][AbstractInstanceRegistry.java:1250] - Running the evict task with compensationTime 6ms
2021-12-19 16:39:22,535 INFO [Eureka-EvictionTimer][AbstractInstanceRegistry.java:1250] - Running the evict task with compensationTime 4ms
2021-12-19 16:39:32,549 INFO [Eureka-EvictionTimer][AbstractInstanceRegistry.java:1250] - Running the evict task with compensationTime 14ms
2021-12-19 16:39:42,564 INFO [Eureka-EvictionTimer][AbstractInstanceRegistry.java:1250] - Running the evict task with compensationTime 14ms
2021-12-19 16:39:52,574 INFO [Eureka-EvictionTimer][AbstractInstanceRegistry.java:1250] - Running the evict task with compensationTime 10ms
2021-12-19 16:40:02,588 INFO [Eureka-EvictionTimer][AbstractInstanceRegistry.java:1250] - Running the evict task with compensationTime 13ms
2021-12-19 16:40:12,602 INFO [Eureka-EvictionTimer][AbstractInstanceRegistry.java:1250] - Running the evict task with compensationTime 13ms
2021-12-19 16:40:22,618 INFO [Eureka-EvictionTimer][AbstractInstanceRegistry.java:1250] - Running the evict task with compensationTime 15ms
2021-12-19 16:40:32,621 INFO [Eureka-EvictionTimer][AbstractInstanceRegistry.java:1250] - Running the evict task with compensationTime 3ms
2021-12-19 16:40:42,637 INFO [Eureka-EvictionTimer][AbstractInstanceRegistry.java:1250] - Running the evict task with compensationTime 17ms
2021-12-19 16:40:52,640 INFO [Eureka-EvictionTimer][AbstractInstanceRegistry.java:1250] - Running the evict task with compensationTime 2ms
2021-12-19 16:41:02,648 INFO [Eureka-EvictionTimer][AbstractInstanceRegistry.java:1250] - Running the evict task with compensationTime 8ms
2021-12-19 16:41:12,657 INFO [Eureka-EvictionTimer][AbstractInstanceRegistry.java:1250] - Running the evict task with compensationTime 9ms
2021-12-19 16:41:22,673 INFO [Eureka-EvictionTimer][AbstractInstanceRegistry.java:1250] - Running the evict task with compensationTime 15ms
2021-12-19 16:41:32,686 INFO [Eureka-EvictionTimer][AbstractInstanceRegistry.java:1250] - Running the evict task with compensationTime 13ms
2021-12-19 16:41:42,691 INFO [Eureka-EvictionTimer][AbstractInstanceRegistry.java:1250] - Running the evict task with compensationTime 4ms
2021-12-19 16:41:52,698 INFO [Eureka-EvictionTimer][AbstractInstanceRegistry.java:1250] - Running the evict task with compensationTime 7ms
2021-12-19 16:42:02,714 INFO [Eureka-EvictionTimer][AbstractInstanceRegistry.java:1250] - Running the evict task with compensationTime 15ms
2021-12-19 16:42:12,719 INFO [Eureka-EvictionTimer][AbstractInstanceRegistry.java:1250] - Running the evict task with compensationTime 4ms
2021-12-19 16:42:22,725 INFO [Eureka-EvictionTimer][AbstractInstanceRegistry.java:1250] - Running the evict task with compensationTime 6ms
2021-12-19 16:42:32,728 INFO [Eureka-EvictionTimer][AbstractInstanceRegistry.java:1250] - Running the evict task with compensationTime 3ms
2021-12-19 16:42:41,670 INFO [ReplicaAwareInstanceRegistry - RenewalThresholdUpdater][PeerAwareInstanceRegistryImpl.java:539] - Current renewal threshold is : 0
2021-12-19 16:42:42,737 INFO [Eureka-EvictionTimer][AbstractInstanceRegistry.java:1250] - Running the evict task with compensationTime 9ms
2021-12-19 16:42:52,756 INFO [Eureka-EvictionTimer][AbstractInstanceRegistry.java:1250] - Running the evict task with compensationTime 19ms
2021-12-19 16:43:02,765 INFO [Eureka-EvictionTimer][AbstractInstanceRegistry.java:1250] - Running the evict task with compensationTime 7ms
2021-12-19 16:43:12,766 INFO [Eureka-EvictionTimer][AbstractInstanceRegistry.java:1250] - Running the evict task with compensationTime 2ms
2021-12-19 16:43:22,782 INFO [Eureka-EvictionTimer][AbstractInstanceRegistry.java:1250] - Running the evict task with compensationTime 15ms
2021-12-19 16:43:32,793 INFO [Eureka-EvictionTimer][AbstractInstanceRegistry.java:1250] - Running the evict task with compensationTime 11ms
2021-12-19 16:43:42,798 INFO [Eureka-EvictionTimer][AbstractInstanceRegistry.java:1250] - Running the evict task with compensationTime 4ms
2021-12-19 16:43:52,798 INFO [Eureka-EvictionTimer][AbstractInstanceRegistry.java:1250] - Running the evict task with compensationTime 0ms
2021-12-19 16:44:02,808 INFO [Eureka-EvictionTimer][AbstractInstanceRegistry.java:1250] - Running the evict task with compensationTime 9ms
2021-12-19 16:44:12,821 INFO [Eureka-EvictionTimer][AbstractInstanceRegistry.java:1250] - Running the evict task with compensationTime 12ms
2021-12-19 16:44:22,830 INFO [Eureka-EvictionTimer][AbstractInstanceRegistry.java:1250] - Running the evict task with compensationTime 8ms
2021-12-19 16:44:32,837 INFO [Eureka-EvictionTimer][AbstractInstanceRegistry.java:1250] - Running the evict task with compensationTime 6ms
2021-12-19 16:44:42,839 INFO [Eureka-EvictionTimer][AbstractInstanceRegistry.java:1250] - Running the evict task with compensationTime 1ms
2021-12-19 16:44:52,839 INFO [Eureka-EvictionTimer][AbstractInstanceRegistry.java:1250] - Running the evict task with compensationTime 0ms
2021-12-19 16:45:02,865 INFO [Eureka-EvictionTimer][AbstractInstanceRegistry.java:1250] - Running the evict task with compensationTime 26ms
2021-12-19 16:45:12,877 INFO [Eureka-EvictionTimer][AbstractInstanceRegistry.java:1250] - Running the evict task with compensationTime 12ms
2021-12-19 16:45:22,891 INFO [Eureka-EvictionTimer][AbstractInstanceRegistry.java:1250] - Running the evict task with compensationTime 14ms
2021-12-19 16:45:32,900 INFO [Eureka-EvictionTimer][AbstractInstanceRegistry.java:1250] - Running the evict task with compensationTime 8ms
2021-12-19 16:45:41,931 INFO [http-nio-56080-exec-8][AbstractInstanceRegistry.java:266] - Registered instance DTX-NOTIFYMSG-DEMO-PAY/localhost:dtx-notifymsg-demo-pay:56082 with status DOWN (replication=false)
2021-12-19 16:45:42,455 INFO [http-nio-56080-exec-5][AbstractInstanceRegistry.java:266] - Registered instance DTX-NOTIFYMSG-DEMO-PAY/localhost:dtx-notifymsg-demo-pay:56082 with status DOWN (replication=true)
2021-12-19 16:45:42,905 INFO [Eureka-EvictionTimer][AbstractInstanceRegistry.java:1250] - Running the evict task with compensationTime 5ms
2021-12-19 16:45:45,014 INFO [http-nio-56080-exec-3][AbstractInstanceRegistry.java:330] - Cancelled instance DTX-NOTIFYMSG-DEMO-PAY/localhost:dtx-notifymsg-demo-pay:56082 (replication=false)
2021-12-19 16:45:45,554 WARN [http-nio-56080-exec-1][AbstractInstanceRegistry.java:315] - DS: Registry: cancel failed because Lease is not registered for: DTX-NOTIFYMSG-DEMO-PAY/localhost:dtx-notifymsg-demo-pay:56082
2021-12-19 16:45:45,555 INFO [http-nio-56080-exec-1][InstanceResource.java:288] - Not Found (Cancel): DTX-NOTIFYMSG-DEMO-PAY - localhost:dtx-notifymsg-demo-pay:56082
2021-12-19 16:45:45,557 WARN [TaskBatchingWorker-target_localhost-14][ReplicationTask.java:35] - The replication of task DTX-NOTIFYMSG-DEMO-PAY/localhost:dtx-notifymsg-demo-pay:56082:Cancel@localhost failed with response code 404
2021-12-19 16:45:45,558 WARN [TaskBatchingWorker-target_localhost-14][PeerEurekaNode.java:171] - DTX-NOTIFYMSG-DEMO-PAY/localhost:dtx-notifymsg-demo-pay:56082:Cancel@localhost: missing entry.
2021-12-19 16:45:52,948 INFO [Eureka-EvictionTimer][AbstractInstanceRegistry.java:1250] - Running the evict task with compensationTime 42ms
2021-12-19 16:46:02,953 INFO [Eureka-EvictionTimer][AbstractInstanceRegistry.java:1250] - Running the evict task with compensationTime 4ms
2021-12-19 16:46:12,957 INFO [Eureka-EvictionTimer][AbstractInstanceRegistry.java:1250] - Running the evict task with compensationTime 4ms
2021-12-19 16:46:13,530 INFO [http-nio-56080-exec-8][AbstractInstanceRegistry.java:266] - Registered instance DTX-NOTIFYMSG-DEMO-PAY/localhost:dtx-notifymsg-demo-pay:56082 with status UP (replication=false)
2021-12-19 16:46:14,046 INFO [http-nio-56080-exec-5][AbstractInstanceRegistry.java:266] - Registered instance DTX-NOTIFYMSG-DEMO-PAY/localhost:dtx-notifymsg-demo-pay:56082 with status UP (replication=true)
2021-12-19 16:46:22,963 INFO [Eureka-EvictionTimer][AbstractInstanceRegistry.java:1250] - Running the evict task with compensationTime 6ms
2021-12-19 16:46:32,974 INFO [Eureka-EvictionTimer][AbstractInstanceRegistry.java:1250] - Running the evict task with compensationTime 10ms
2021-12-19 16:46:42,978 INFO [Eureka-EvictionTimer][AbstractInstanceRegistry.java:1250] - Running the evict task with compensationTime 3ms
2021-12-19 16:46:52,994 INFO [Eureka-EvictionTimer][AbstractInstanceRegistry.java:1250] - Running the evict task with compensationTime 16ms
2021-12-19 16:47:03,006 INFO [Eureka-EvictionTimer][AbstractInstanceRegistry.java:1250] - Running the evict task with compensationTime 12ms
2021-12-19 16:47:13,013 INFO [Eureka-EvictionTimer][AbstractInstanceRegistry.java:1250] - Running the evict task with compensationTime 6ms
2021-12-19 16:47:23,028 INFO [Eureka-EvictionTimer][AbstractInstanceRegistry.java:1250] - Running the evict task with compensationTime 15ms
2021-12-19 16:47:33,043 INFO [Eureka-EvictionTimer][AbstractInstanceRegistry.java:1250] - Running the evict task with compensationTime 14ms
2021-12-19 16:47:43,055 INFO [Eureka-EvictionTimer][AbstractInstanceRegistry.java:1250] - Running the evict task with compensationTime 12ms
2021-12-19 16:47:53,064 INFO [Eureka-EvictionTimer][AbstractInstanceRegistry.java:1250] - Running the evict task with compensationTime 7ms
2021-12-19 16:48:03,067 INFO [Eureka-EvictionTimer][AbstractInstanceRegistry.java:1250] - Running the evict task with compensationTime 3ms
2021-12-19 16:48:13,076 INFO [Eureka-EvictionTimer][AbstractInstanceRegistry.java:1250] - Running the evict task with compensationTime 9ms
2021-12-19 16:48:23,079 INFO [Eureka-EvictionTimer][AbstractInstanceRegistry.java:1250] - Running the evict task with compensationTime 1ms
2021-12-19 16:48:33,088 INFO [Eureka-EvictionTimer][AbstractInstanceRegistry.java:1250] - Running the evict task with compensationTime 10ms
2021-12-19 16:48:43,094 INFO [Eureka-EvictionTimer][AbstractInstanceRegistry.java:1250] - Running the evict task with compensationTime 6ms
2021-12-19 16:48:53,095 INFO [Eureka-EvictionTimer][AbstractInstanceRegistry.java:1250] - Running the evict task with compensationTime 0ms
2021-12-19 16:49:03,100 INFO [Eureka-EvictionTimer][AbstractInstanceRegistry.java:1250] - Running the evict task with compensationTime 4ms
2021-12-19 16:49:13,107 INFO [Eureka-EvictionTimer][AbstractInstanceRegistry.java:1250] - Running the evict task with compensationTime 7ms
2021-12-19 16:49:23,113 INFO [Eureka-EvictionTimer][AbstractInstanceRegistry.java:1250] - Running the evict task with compensationTime 1ms
2021-12-19 16:49:33,112 INFO [Eureka-EvictionTimer][AbstractInstanceRegistry.java:1250] - Running the evict task with compensationTime 2ms
2021-12-19 16:49:43,114 INFO [Eureka-EvictionTimer][AbstractInstanceRegistry.java:1250] - Running the evict task with compensationTime 1ms
2021-12-19 16:49:53,121 INFO [Eureka-EvictionTimer][AbstractInstanceRegistry.java:1250] - Running the evict task with compensationTime 7ms
2021-12-19 16:50:03,134 INFO [Eureka-EvictionTimer][AbstractInstanceRegistry.java:1250] - Running the evict task with compensationTime 13ms
2021-12-19 16:50:13,144 INFO [Eureka-EvictionTimer][AbstractInstanceRegistry.java:1250] - Running the evict task with compensationTime 10ms
2021-12-19 16:50:23,154 INFO [Eureka-EvictionTimer][AbstractInstanceRegistry.java:1250] - Running the evict task with compensationTime 10ms
2021-12-19 16:50:33,158 INFO [Eureka-EvictionTimer][AbstractInstanceRegistry.java:1250] - Running the evict task with compensationTime 4ms
2021-12-19 16:50:43,165 INFO [Eureka-EvictionTimer][AbstractInstanceRegistry.java:1250] - Running the evict task with compensationTime 6ms
2021-12-19 16:50:53,167 INFO [Eureka-EvictionTimer][AbstractInstanceRegistry.java:1250] - Running the evict task with compensationTime 1ms
2021-12-19 16:51:03,178 INFO [Eureka-EvictionTimer][AbstractInstanceRegistry.java:1250] - Running the evict task with compensationTime 11ms
2021-12-19 16:51:13,190 INFO [Eureka-EvictionTimer][AbstractInstanceRegistry.java:1250] - Running the evict task with compensationTime 10ms
2021-12-19 16:51:23,192 INFO [Eureka-EvictionTimer][AbstractInstanceRegistry.java:1250] - Running the evict task with compensationTime 3ms
2021-12-19 16:51:33,196 INFO [Eureka-EvictionTimer][AbstractInstanceRegistry.java:1250] - Running the evict task with compensationTime 4ms
2021-12-19 16:51:43,200 INFO [Eureka-EvictionTimer][AbstractInstanceRegistry.java:1250] - Running the evict task with compensationTime 2ms
2021-12-19 16:51:53,211 INFO [Eureka-EvictionTimer][AbstractInstanceRegistry.java:1250] - Running the evict task with compensationTime 11ms
2021-12-19 16:52:03,224 INFO [Eureka-EvictionTimer][AbstractInstanceRegistry.java:1250] - Running the evict task with compensationTime 13ms
2021-12-19 16:52:13,229 INFO [Eureka-EvictionTimer][AbstractInstanceRegistry.java:1250] - Running the evict task with compensationTime 4ms
2021-12-19 16:52:23,236 INFO [Eureka-EvictionTimer][AbstractInstanceRegistry.java:1250] - Running the evict task with compensationTime 7ms
2021-12-19 16:52:33,247 INFO [Eureka-EvictionTimer][AbstractInstanceRegistry.java:1250] - Running the evict task with compensationTime 11ms
2021-12-19 16:52:43,258 INFO [Eureka-EvictionTimer][AbstractInstanceRegistry.java:1250] - Running the evict task with compensationTime 10ms
2021-12-19 16:52:53,275 INFO [Eureka-EvictionTimer][AbstractInstanceRegistry.java:1250] - Running the evict task with compensationTime 16ms
2021-12-19 16:53:03,285 INFO [Eureka-EvictionTimer][AbstractInstanceRegistry.java:1250] - Running the evict task with compensationTime 8ms
2021-12-19 16:53:13,288 INFO [Eureka-EvictionTimer][AbstractInstanceRegistry.java:1250] - Running the evict task with compensationTime 4ms
2021-12-19 16:53:23,298 INFO [Eureka-EvictionTimer][AbstractInstanceRegistry.java:1250] - Running the evict task with compensationTime 9ms
2021-12-19 16:53:33,301 INFO [Eureka-EvictionTimer][AbstractInstanceRegistry.java:1250] - Running the evict task with compensationTime 2ms
2021-12-19 16:53:43,309 INFO [Eureka-EvictionTimer][AbstractInstanceRegistry.java:1250] - Running the evict task with compensationTime 8ms
2021-12-19 16:53:53,320 INFO [Eureka-EvictionTimer][AbstractInstanceRegistry.java:1250] - Running the evict task with compensationTime 10ms
2021-12-19 16:54:03,335 INFO [Eureka-EvictionTimer][AbstractInstanceRegistry.java:1250] - Running the evict task with compensationTime 14ms
2021-12-19 16:54:13,349 INFO [Eureka-EvictionTimer][AbstractInstanceRegistry.java:1250] - Running the evict task with compensationTime 15ms
2021-12-19 16:54:23,355 INFO [Eureka-EvictionTimer][AbstractInstanceRegistry.java:1250] - Running the evict task with compensationTime 5ms
2021-12-19 16:54:33,377 INFO [Eureka-EvictionTimer][AbstractInstanceRegistry.java:1250] - Running the evict task with compensationTime 15ms
2021-12-19 16:54:43,380 INFO [Eureka-EvictionTimer][AbstractInstanceRegistry.java:1250] - Running the evict task with compensationTime 8ms
2021-12-19 16:54:53,396 INFO [Eureka-EvictionTimer][AbstractInstanceRegistry.java:1250] - Running the evict task with compensationTime 15ms
2021-12-19 16:55:03,409 INFO [Eureka-EvictionTimer][AbstractInstanceRegistry.java:1250] - Running the evict task with compensationTime 13ms
2021-12-19 16:55:13,410 INFO [Eureka-EvictionTimer][AbstractInstanceRegistry.java:1250] - Running the evict task with compensationTime 0ms
2021-12-19 16:55:23,424 INFO [Eureka-EvictionTimer][AbstractInstanceRegistry.java:1250] - Running the evict task with compensationTime 14ms
2021-12-19 16:55:33,434 INFO [Eureka-EvictionTimer][AbstractInstanceRegistry.java:1250] - Running the evict task with compensationTime 8ms
2021-12-19 16:55:43,442 INFO [Eureka-EvictionTimer][AbstractInstanceRegistry.java:1250] - Running the evict task with compensationTime 8ms
2021-12-19 16:55:53,447 INFO [Eureka-EvictionTimer][AbstractInstanceRegistry.java:1250] - Running the evict task with compensationTime 6ms
2021-12-19 16:56:03,457 INFO [Eureka-EvictionTimer][AbstractInstanceRegistry.java:1250] - Running the evict task with compensationTime 9ms
2021-12-19 16:56:13,468 INFO [Eureka-EvictionTimer][AbstractInstanceRegistry.java:1250] - Running the evict task with compensationTime 9ms
2021-12-19 16:56:23,475 INFO [Eureka-EvictionTimer][AbstractInstanceRegistry.java:1250] - Running the evict task with compensationTime 7ms
2021-12-19 16:56:33,487 INFO [Eureka-EvictionTimer][AbstractInstanceRegistry.java:1250] - Running the evict task with compensationTime 12ms
2021-12-19 16:56:43,499 INFO [Eureka-EvictionTimer][AbstractInstanceRegistry.java:1250] - Running the evict task with compensationTime 11ms
2021-12-19 16:56:53,511 INFO [Eureka-EvictionTimer][AbstractInstanceRegistry.java:1250] - Running the evict task with compensationTime 12ms
2021-12-19 16:57:03,525 INFO [Eureka-EvictionTimer][AbstractInstanceRegistry.java:1250] - Running the evict task with compensationTime 13ms
2021-12-19 16:57:13,526 INFO [Eureka-EvictionTimer][AbstractInstanceRegistry.java:1250] - Running the evict task with compensationTime 1ms
2021-12-19 16:57:23,542 INFO [Eureka-EvictionTimer][AbstractInstanceRegistry.java:1250] - Running the evict task with compensationTime 13ms
2021-12-19 16:57:33,542 INFO [Eureka-EvictionTimer][AbstractInstanceRegistry.java:1250] - Running the evict task with compensationTime 2ms
2021-12-19 16:57:41,677 INFO [ReplicaAwareInstanceRegistry - RenewalThresholdUpdater][PeerAwareInstanceRegistryImpl.java:539] - Current renewal threshold is : 0
2021-12-19 16:57:43,552 INFO [Eureka-EvictionTimer][AbstractInstanceRegistry.java:1250] - Running the evict task with compensationTime 9ms
2021-12-19 16:57:53,558 INFO [Eureka-EvictionTimer][AbstractInstanceRegistry.java:1250] - Running the evict task with compensationTime 1ms
2021-12-19 16:58:03,562 INFO [Eureka-EvictionTimer][AbstractInstanceRegistry.java:1250] - Running the evict task with compensationTime 8ms
2021-12-19 16:58:13,578 INFO [Eureka-EvictionTimer][AbstractInstanceRegistry.java:1250] - Running the evict task with compensationTime 15ms
2021-12-19 16:58:23,587 INFO [Eureka-EvictionTimer][AbstractInstanceRegistry.java:1250] - Running the evict task with compensationTime 9ms
2021-12-19 16:58:33,590 INFO [Eureka-EvictionTimer][AbstractInstanceRegistry.java:1250] - Running the evict task with compensationTime 2ms
2021-12-19 16:58:43,604 INFO [Eureka-EvictionTimer][AbstractInstanceRegistry.java:1250] - Running the evict task with compensationTime 13ms
2021-12-19 16:58:53,622 INFO [Eureka-EvictionTimer][AbstractInstanceRegistry.java:1250] - Running the evict task with compensationTime 18ms
2021-12-19 16:59:03,625 INFO [Eureka-EvictionTimer][AbstractInstanceRegistry.java:1250] - Running the evict task with compensationTime 2ms
2021-12-19 16:59:13,636 INFO [Eureka-EvictionTimer][AbstractInstanceRegistry.java:1250] - Running the evict task with compensationTime 10ms
2021-12-19 16:59:23,645 INFO [Eureka-EvictionTimer][AbstractInstanceRegistry.java:1250] - Running the evict task with compensationTime 9ms
2021-12-19 16:59:33,650 INFO [Eureka-EvictionTimer][AbstractInstanceRegistry.java:1250] - Running the evict task with compensationTime 5ms
2021-12-19 16:59:43,653 INFO [Eureka-EvictionTimer][AbstractInstanceRegistry.java:1250] - Running the evict task with compensationTime 2ms
2021-12-19 16:59:53,660 INFO [Eureka-EvictionTimer][AbstractInstanceRegistry.java:1250] - Running the evict task with compensationTime 6ms
